buildtrack_app/build/app/intermediates/manifest_merge_blame_file/debug/manifest-merger-blame-debug-report.txt
1<?xml version="1.0" encoding="utf-8"?>
2<manifest xmlns:android="http://schemas.android.com/apk/res/android"
3    package="com.example.buildtrack_app"
4    android:versionCode="1"
5    android:versionName="1.0.0" >
6
7    <uses-sdk
8        android:minSdkVersion="23"
9        android:targetSdkVersion="35" />
10    <!--
11         The INTERNET permission is required for development. Specifically,
12         the Flutter tool needs it to communicate with the running application
13         to allow setting breakpoints, to provide hot reload, etc.
14    -->
15    <uses-permission android:name="android.permission.INTERNET" />
15-->src\main\AndroidManifest.xml:9:5-67
15-->src\main\AndroidManifest.xml:9:22-64
16    <!-- Permissions -->
17    <uses-permission android:name="android.permission.CAMERA" />
17-->src\main\AndroidManifest.xml:6:5-65
17-->src\main\AndroidManifest.xml:6:22-62
18    <uses-permission android:name="android.permission.WRITE_EXTERNAL_STORAGE" />
18-->src\main\AndroidManifest.xml:7:5-81
18-->src\main\AndroidManifest.xml:7:22-78
19    <uses-permission android:name="android.permission.READ_EXTERNAL_STORAGE" />
19-->src\main\AndroidManifest.xml:8:5-80
19-->src\main\AndroidManifest.xml:8:22-77
20    <uses-permission android:name="android.permission.ACCESS_NETWORK_STATE" />
20-->src\main\AndroidManifest.xml:10:5-79
20-->src\main\AndroidManifest.xml:10:22-76
21    <uses-permission android:name="android.permission.ACCESS_FINE_LOCATION" />
21-->src\main\AndroidManifest.xml:11:5-79
21-->src\main\AndroidManifest.xml:11:22-76
22    <uses-permission android:name="android.permission.ACCESS_COARSE_LOCATION" /> <!-- Feature pour la caméra (optionnel mais recommandé) -->
22-->src\main\AndroidManifest.xml:12:5-81
22-->src\main\AndroidManifest.xml:12:22-78
23    <uses-feature
23-->src\main\AndroidManifest.xml:15:5-17:36
24        android:name="android.hardware.camera"
24-->src\main\AndroidManifest.xml:16:9-47
25        android:required="false" /> <!-- Required to query activities that can process text -->
25-->src\main\AndroidManifest.xml:17:9-33
26    <queries>
26-->src\main\AndroidManifest.xml:88:5-93:15
27        <intent>
27-->src\main\AndroidManifest.xml:89:9-92:18
28            <action android:name="android.intent.action.PROCESS_TEXT" />
28-->src\main\AndroidManifest.xml:90:13-72
28-->src\main\AndroidManifest.xml:90:21-70
29
30            <data android:mimeType="text/plain" />
30-->src\main\AndroidManifest.xml:91:13-50
30-->src\main\AndroidManifest.xml:91:19-48
31        </intent>
32    </queries>
33
34    <uses-permission android:name="com.google.android.providers.gsf.permission.READ_GSERVICES" />
34-->[com.google.android.recaptcha:recaptcha:18.4.0] AndroidManifest.xml:9:5-98
34-->[com.google.android.recaptcha:recaptcha:18.4.0] AndroidManifest.xml:9:22-95
35
36    <permission
36-->[androidx.core:core:1.13.1] AndroidManifest.xml:22:5-24:47
37        android:name="com.example.buildtrack_app.DYNAMIC_RECEIVER_NOT_EXPORTED_PERMISSION"
37-->[androidx.core:core:1.13.1] AndroidManifest.xml:23:9-81
38        android:protectionLevel="signature" />
38-->[androidx.core:core:1.13.1] AndroidManifest.xml:24:9-44
39
40    <uses-permission android:name="com.example.buildtrack_app.DYNAMIC_RECEIVER_NOT_EXPORTED_PERMISSION" />
40-->[androidx.core:core:1.13.1] AndroidManifest.xml:26:5-97
40-->[androidx.core:core:1.13.1] AndroidManifest.xml:26:22-94
41
42    <application
43        android:name="android.app.Application"
44        android:appComponentFactory="androidx.core.app.CoreComponentFactory"
44-->[androidx.core:core:1.13.1] AndroidManifest.xml:28:18-86
45        android:debuggable="true"
46        android:extractNativeLibs="false"
47        android:icon="@mipmap/ic_launcher"
48        android:label="BuildTrack"
49        android:requestLegacyExternalStorage="true" >
50        <activity
51            android:name="com.example.buildtrack_app.MainActivity"
52            android:configChanges="orientation|keyboardHidden|keyboard|screenSize|smallestScreenSize|locale|layoutDirection|fontScale|screenLayout|density|uiMode"
53            android:exported="true"
54            android:hardwareAccelerated="true"
55            android:launchMode="singleTop"
56            android:taskAffinity=""
57            android:theme="@style/LaunchTheme"
58            android:windowSoftInputMode="adjustResize" >
59            <meta-data
60                android:name="io.flutter.embedding.android.NormalTheme"
61                android:resource="@style/NormalTheme" />
62
63            <intent-filter android:autoVerify="true" >
64                <action android:name="android.intent.action.MAIN" />
65
66                <category android:name="android.intent.category.LAUNCHER" />
67            </intent-filter>
68        </activity>
69
70        <!-- FileProvider UNIQUE et consolidé -->
71        <provider
72            android:name="androidx.core.content.FileProvider"
73            android:authorities="com.example.buildtrack_app.fileprovider"
74            android:exported="false"
75            android:grantUriPermissions="true" >
76            <meta-data
76-->[:image_picker_android] AndroidManifest.xml:14:13-16:75
77                android:name="android.support.FILE_PROVIDER_PATHS"
77-->[:image_picker_android] AndroidManifest.xml:15:17-67
78                android:resource="@xml/file_paths" />
78-->[:image_picker_android] AndroidManifest.xml:16:17-72
79        </provider>
80
81        <!-- SUPPRIMEZ ces providers dupliqués -->
82        <!--
83        <provider
84            android:name="com.pichillilorenzo.flutter_inappwebview.InAppWebViewFileProvider"
85            android:authorities="${applicationId}.flutter_inappwebview.fileprovider"
86            android:exported="false"
87            android:grantUriPermissions="true">
88            <meta-data
89                android:name="android.support.FILE_PROVIDER_PATHS"
90                android:resource="@xml/file_paths" />
91        </provider>
92
93        <provider
94            android:name="io.flutter.plugins.imagepicker.ImagePickerFileProvider"
95            android:authorities="${applicationId}.flutter.image_provider"
96            android:exported="false"
97            android:grantUriPermissions="true">
98            <meta-data
99                android:name="android.support.FILE_PROVIDER_PATHS"
100                android:resource="@xml/file_paths" />
101        </provider>
102        -->
103
104        <meta-data
105            android:name="flutterEmbedding"
106            android:value="2" />
107
108        <service
108-->[:cloud_firestore] AndroidManifest.xml:8:9-12:19
109            android:name="com.google.firebase.components.ComponentDiscoveryService"
109-->[:cloud_firestore] AndroidManifest.xml:8:18-89
110            android:directBootAware="true"
110-->[com.google.firebase:firebase-common:20.4.3] AndroidManifest.xml:32:13-43
111            android:exported="false" >
111-->[com.google.firebase:firebase-firestore:24.11.0] AndroidManifest.xml:16:13-37
112            <meta-data
112-->[:cloud_firestore] AndroidManifest.xml:9:13-11:85
113                android:name="com.google.firebase.components:io.flutter.plugins.firebase.firestore.FlutterFirebaseFirestoreRegistrar"
113-->[:cloud_firestore] AndroidManifest.xml:10:17-134
114                android:value="com.google.firebase.components.ComponentRegistrar" />
114-->[:cloud_firestore] AndroidManifest.xml:11:17-82
115            <meta-data
115-->[:firebase_auth] AndroidManifest.xml:9:13-11:85
116                android:name="com.google.firebase.components:io.flutter.plugins.firebase.auth.FlutterFirebaseAuthRegistrar"
116-->[:firebase_auth] AndroidManifest.xml:10:17-124
117                android:value="com.google.firebase.components.ComponentRegistrar" />
117-->[:firebase_auth] AndroidManifest.xml:11:17-82
118            <meta-data
118-->[:firebase_storage] AndroidManifest.xml:9:13-11:85
119                android:name="com.google.firebase.components:io.flutter.plugins.firebase.storage.FlutterFirebaseAppRegistrar"
119-->[:firebase_storage] AndroidManifest.xml:10:17-126
120                android:value="com.google.firebase.components.ComponentRegistrar" />
120-->[:firebase_storage] AndroidManifest.xml:11:17-82
121            <meta-data
121-->[:firebase_core] AndroidManifest.xml:9:13-11:85
122                android:name="com.google.firebase.components:io.flutter.plugins.firebase.core.FlutterFirebaseCoreRegistrar"
122-->[:firebase_core] AndroidManifest.xml:10:17-124
123                android:value="com.google.firebase.components.ComponentRegistrar" />
123-->[:firebase_core] AndroidManifest.xml:11:17-82
124            <meta-data
124-->[com.google.firebase:firebase-firestore:24.11.0] AndroidManifest.xml:17:13-19:85
125                android:name="com.google.firebase.components:com.google.firebase.firestore.FirebaseFirestoreKtxRegistrar"
125-->[com.google.firebase:firebase-firestore:24.11.0] AndroidManifest.xml:18:17-122
126                android:value="com.google.firebase.components.ComponentRegistrar" />
126-->[com.google.firebase:firebase-firestore:24.11.0] AndroidManifest.xml:19:17-82
127            <meta-data
127-->[com.google.firebase:firebase-firestore:24.11.0] AndroidManifest.xml:20:13-22:85
128                android:name="com.google.firebase.components:com.google.firebase.firestore.FirestoreRegistrar"
128-->[com.google.firebase:firebase-firestore:24.11.0] AndroidManifest.xml:21:17-111
129                android:value="com.google.firebase.components.ComponentRegistrar" />
129-->[com.google.firebase:firebase-firestore:24.11.0] AndroidManifest.xml:22:17-82
130            <meta-data
130-->[com.google.firebase:firebase-auth:22.3.1] AndroidManifest.xml:69:13-71:85
131                android:name="com.google.firebase.components:com.google.firebase.auth.FirebaseAuthRegistrar"
131-->[com.google.firebase:firebase-auth:22.3.1] AndroidManifest.xml:70:17-109
132                android:value="com.google.firebase.components.ComponentRegistrar" />
132-->[com.google.firebase:firebase-auth:22.3.1] AndroidManifest.xml:71:17-82
133            <meta-data
133-->[com.google.firebase:firebase-storage:20.3.0] AndroidManifest.xml:30:13-32:85
134                android:name="com.google.firebase.components:com.google.firebase.storage.FirebaseStorageKtxRegistrar"
134-->[com.google.firebase:firebase-storage:20.3.0] AndroidManifest.xml:31:17-118
135                android:value="com.google.firebase.components.ComponentRegistrar" />
135-->[com.google.firebase:firebase-storage:20.3.0] AndroidManifest.xml:32:17-82
136            <meta-data
136-->[com.google.firebase:firebase-storage:20.3.0] AndroidManifest.xml:33:13-35:85
137                android:name="com.google.firebase.components:com.google.firebase.storage.StorageRegistrar"
137-->[com.google.firebase:firebase-storage:20.3.0] AndroidManifest.xml:34:17-107
138                android:value="com.google.firebase.components.ComponentRegistrar" />
138-->[com.google.firebase:firebase-storage:20.3.0] AndroidManifest.xml:35:17-82
139            <meta-data
139-->[com.google.firebase:firebase-appcheck:17.1.2] AndroidManifest.xml:25:13-27:85
140                android:name="com.google.firebase.components:com.google.firebase.appcheck.FirebaseAppCheckKtxRegistrar"
140-->[com.google.firebase:firebase-appcheck:17.1.2] AndroidManifest.xml:26:17-120
141                android:value="com.google.firebase.components.ComponentRegistrar" />
141-->[com.google.firebase:firebase-appcheck:17.1.2] AndroidManifest.xml:27:17-82
142            <meta-data
142-->[com.google.firebase:firebase-appcheck:17.1.2] AndroidManifest.xml:28:13-30:85
143                android:name="com.google.firebase.components:com.google.firebase.appcheck.FirebaseAppCheckRegistrar"
143-->[com.google.firebase:firebase-appcheck:17.1.2] AndroidManifest.xml:29:17-117
144                android:value="com.google.firebase.components.ComponentRegistrar" />
144-->[com.google.firebase:firebase-appcheck:17.1.2] AndroidManifest.xml:30:17-82
145            <meta-data
145-->[com.google.firebase:firebase-common-ktx:20.4.3] AndroidManifest.xml:12:13-14:85
146                android:name="com.google.firebase.components:com.google.firebase.ktx.FirebaseCommonLegacyRegistrar"
146-->[com.google.firebase:firebase-common-ktx:20.4.3] AndroidManifest.xml:13:17-116
147                android:value="com.google.firebase.components.ComponentRegistrar" />
147-->[com.google.firebase:firebase-common-ktx:20.4.3] AndroidManifest.xml:14:17-82
148            <meta-data
148-->[com.google.firebase:firebase-common:20.4.3] AndroidManifest.xml:35:13-37:85
149                android:name="com.google.firebase.components:com.google.firebase.FirebaseCommonKtxRegistrar"
149-->[com.google.firebase:firebase-common:20.4.3] AndroidManifest.xml:36:17-109
150                android:value="com.google.firebase.components.ComponentRegistrar" />
150-->[com.google.firebase:firebase-common:20.4.3] AndroidManifest.xml:37:17-82
151        </service>
152
153        <provider
153-->[:image_picker_android] AndroidManifest.xml:9:9-17:20
154            android:name="io.flutter.plugins.imagepicker.ImagePickerFileProvider"
154-->[:image_picker_android] AndroidManifest.xml:10:13-82
155            android:authorities="com.example.buildtrack_app.flutter.image_provider"
155-->[:image_picker_android] AndroidManifest.xml:11:13-74
156            android:exported="false"
156-->[:image_picker_android] AndroidManifest.xml:12:13-37
157            android:grantUriPermissions="true" >
157-->[:image_picker_android] AndroidManifest.xml:13:13-47
158            <meta-data
158-->[:image_picker_android] AndroidManifest.xml:14:13-16:75
159                android:name="android.support.FILE_PROVIDER_PATHS"
159-->[:image_picker_android] AndroidManifest.xml:15:17-67
160                android:resource="@xml/flutter_image_picker_file_paths" />
160-->[:image_picker_android] AndroidManifest.xml:16:17-72
161        </provider> <!-- Trigger Google Play services to install the backported photo picker module. -->
162        <service
162-->[:image_picker_android] AndroidManifest.xml:19:9-31:19
163            android:name="com.google.android.gms.metadata.ModuleDependencies"
163-->[:image_picker_android] AndroidManifest.xml:20:13-78
164            android:enabled="false"
164-->[:image_picker_android] AndroidManifest.xml:21:13-36
165            android:exported="false" >
165-->[:image_picker_android] AndroidManifest.xml:22:13-37
166            <intent-filter>
166-->[:image_picker_android] AndroidManifest.xml:24:13-26:29
167                <action android:name="com.google.android.gms.metadata.MODULE_DEPENDENCIES" />
167-->[:image_picker_android] AndroidManifest.xml:25:17-94
167-->[:image_picker_android] AndroidManifest.xml:25:25-91
168            </intent-filter>
169
170            <meta-data
170-->[:image_picker_android] AndroidManifest.xml:28:13-30:36
171                android:name="photopicker_activity:0:required"
171-->[:image_picker_android] AndroidManifest.xml:29:17-63
172                android:value="" />
172-->[:image_picker_android] AndroidManifest.xml:30:17-33
173        </service>
174        <service
174-->[:geolocator_android] AndroidManifest.xml:8:9-12:56
175            android:name="com.baseflow.geolocator.GeolocatorLocationService"
175-->[:geolocator_android] AndroidManifest.xml:9:13-77
176            android:enabled="true"
176-->[:geolocator_android] AndroidManifest.xml:10:13-35
177            android:exported="false"
177-->[:geolocator_android] AndroidManifest.xml:11:13-37
178            android:foregroundServiceType="location" />
178-->[:geolocator_android] AndroidManifest.xml:12:13-53
179
180        <activity
180-->[com.google.firebase:firebase-auth:22.3.1] AndroidManifest.xml:29:9-46:20
181            android:name="com.google.firebase.auth.internal.GenericIdpActivity"
181-->[com.google.firebase:firebase-auth:22.3.1] AndroidManifest.xml:30:13-80
182            android:excludeFromRecents="true"
182-->[com.google.firebase:firebase-auth:22.3.1] AndroidManifest.xml:31:13-46
183            android:exported="true"
183-->[com.google.firebase:firebase-auth:22.3.1] AndroidManifest.xml:32:13-36
184            android:launchMode="singleTask"
184-->[com.google.firebase:firebase-auth:22.3.1] AndroidManifest.xml:33:13-44
185            android:theme="@android:style/Theme.Translucent.NoTitleBar" >
185-->[com.google.firebase:firebase-auth:22.3.1] AndroidManifest.xml:34:13-72
186            <intent-filter>
186-->[com.google.firebase:firebase-auth:22.3.1] AndroidManifest.xml:35:13-45:29
187                <action android:name="android.intent.action.VIEW" />
187-->[com.google.firebase:firebase-auth:22.3.1] AndroidManifest.xml:36:17-69
187-->[com.google.firebase:firebase-auth:22.3.1] AndroidManifest.xml:36:25-66
188
189                <category android:name="android.intent.category.DEFAULT" />
189-->[com.google.firebase:firebase-auth:22.3.1] AndroidManifest.xml:38:17-76
189-->[com.google.firebase:firebase-auth:22.3.1] AndroidManifest.xml:38:27-73
190                <category android:name="android.intent.category.BROWSABLE" />
190-->[com.google.firebase:firebase-auth:22.3.1] AndroidManifest.xml:39:17-78
190-->[com.google.firebase:firebase-auth:22.3.1] AndroidManifest.xml:39:27-75
191
192                <data
192-->src\main\AndroidManifest.xml:91:13-50
193                    android:host="firebase.auth"
194                    android:path="/"
195                    android:scheme="genericidp" />
196            </intent-filter>
197        </activity>
198        <activity
198-->[com.google.firebase:firebase-auth:22.3.1] AndroidManifest.xml:47:9-64:20
199            android:name="com.google.firebase.auth.internal.RecaptchaActivity"
199-->[com.google.firebase:firebase-auth:22.3.1] AndroidManifest.xml:48:13-79
200            android:excludeFromRecents="true"
200-->[com.google.firebase:firebase-auth:22.3.1] AndroidManifest.xml:49:13-46
201            android:exported="true"
201-->[com.google.firebase:firebase-auth:22.3.1] AndroidManifest.xml:50:13-36
202            android:launchMode="singleTask"
202-->[com.google.firebase:firebase-auth:22.3.1] AndroidManifest.xml:51:13-44
203            android:theme="@android:style/Theme.Translucent.NoTitleBar" >
203-->[com.google.firebase:firebase-auth:22.3.1] AndroidManifest.xml:52:13-72
204            <intent-filter>
204-->[com.google.firebase:firebase-auth:22.3.1] AndroidManifest.xml:53:13-63:29
205                <action android:name="android.intent.action.VIEW" />
205-->[com.google.firebase:firebase-auth:22.3.1] AndroidManifest.xml:36:17-69
205-->[com.google.firebase:firebase-auth:22.3.1] AndroidManifest.xml:36:25-66
206
207                <category android:name="android.intent.category.DEFAULT" />
207-->[com.google.firebase:firebase-auth:22.3.1] AndroidManifest.xml:38:17-76
207-->[com.google.firebase:firebase-auth:22.3.1] AndroidManifest.xml:38:27-73
208                <category android:name="android.intent.category.BROWSABLE" />
208-->[com.google.firebase:firebase-auth:22.3.1] AndroidManifest.xml:39:17-78
208-->[com.google.firebase:firebase-auth:22.3.1] AndroidManifest.xml:39:27-75
209
210                <data
210-->src\main\AndroidManifest.xml:91:13-50
211                    android:host="firebase.auth"
212                    android:path="/"
213                    android:scheme="recaptcha" />
214            </intent-filter>
215        </activity>
216        <activity
216-->[com.google.android.gms:play-services-auth:21.0.0] AndroidManifest.xml:23:9-27:75
217            android:name="com.google.android.gms.auth.api.signin.internal.SignInHubActivity"
217-->[com.google.android.gms:play-services-auth:21.0.0] AndroidManifest.xml:24:13-93
218            android:excludeFromRecents="true"
218-->[com.google.android.gms:play-services-auth:21.0.0] AndroidManifest.xml:25:13-46
219            android:exported="false"
219-->[com.google.android.gms:play-services-auth:21.0.0] AndroidManifest.xml:26:13-37
220            android:theme="@android:style/Theme.Translucent.NoTitleBar" />
220-->[com.google.android.gms:play-services-auth:21.0.0] AndroidManifest.xml:27:13-72
221        <!--
222            Service handling Google Sign-In user revocation. For apps that do not integrate with
223            Google Sign-In, this service will never be started.
224        -->
225        <service
225-->[com.google.android.gms:play-services-auth:21.0.0] AndroidManifest.xml:33:9-37:51
226            android:name="com.google.android.gms.auth.api.signin.RevocationBoundService"
226-->[com.google.android.gms:play-services-auth:21.0.0] AndroidManifest.xml:34:13-89
227            android:exported="true"
227-->[com.google.android.gms:play-services-auth:21.0.0] AndroidManifest.xml:35:13-36
228            android:permission="com.google.android.gms.auth.api.signin.permission.REVOCATION_NOTIFICATION"
228-->[com.google.android.gms:play-services-auth:21.0.0] AndroidManifest.xml:36:13-107
229            android:visibleToInstantApps="true" />
229-->[com.google.android.gms:play-services-auth:21.0.0] AndroidManifest.xml:37:13-48
230
231        <provider
231-->[com.google.firebase:firebase-common:20.4.3] AndroidManifest.xml:23:9-28:39
232            android:name="com.google.firebase.provider.FirebaseInitProvider"
232-->[com.google.firebase:firebase-common:20.4.3] AndroidManifest.xml:24:13-77
233            android:authorities="com.example.buildtrack_app.firebaseinitprovider"
233-->[com.google.firebase:firebase-common:20.4.3] AndroidManifest.xml:25:13-72
234            android:directBootAware="true"
234-->[com.google.firebase:firebase-common:20.4.3] AndroidManifest.xml:26:13-43
235            android:exported="false"
235-->[com.google.firebase:firebase-common:20.4.3] AndroidManifest.xml:27:13-37
236            android:initOrder="100" />
236-->[com.google.firebase:firebase-common:20.4.3] AndroidManifest.xml:28:13-36
237
238        <service
238-->[com.google.android.gms:play-services-mlkit-barcode-scanning:18.3.0] AndroidManifest.xml:9:9-15:19
239            android:name="com.google.mlkit.common.internal.MlKitComponentDiscoveryService"
239-->[com.google.android.gms:play-services-mlkit-barcode-scanning:18.3.0] AndroidManifest.xml:10:13-91
240            android:directBootAware="true"
240-->[com.google.mlkit:common:18.9.0] AndroidManifest.xml:17:13-43
241            android:exported="false" >
241-->[com.google.android.gms:play-services-mlkit-barcode-scanning:18.3.0] AndroidManifest.xml:11:13-37
242            <meta-data
242-->[com.google.android.gms:play-services-mlkit-barcode-scanning:18.3.0] AndroidManifest.xml:12:13-14:85
243                android:name="com.google.firebase.components:com.google.mlkit.vision.barcode.internal.BarcodeRegistrar"
243-->[com.google.android.gms:play-services-mlkit-barcode-scanning:18.3.0] AndroidManifest.xml:13:17-120
244                android:value="com.google.firebase.components.ComponentRegistrar" />
244-->[com.google.android.gms:play-services-mlkit-barcode-scanning:18.3.0] AndroidManifest.xml:14:17-82
245            <meta-data
245-->[com.google.mlkit:vision-common:17.3.0] AndroidManifest.xml:12:13-14:85
246                android:name="com.google.firebase.components:com.google.mlkit.vision.common.internal.VisionCommonRegistrar"
246-->[com.google.mlkit:vision-common:17.3.0] AndroidManifest.xml:13:17-124
247                android:value="com.google.firebase.components.ComponentRegistrar" />
247-->[com.google.mlkit:vision-common:17.3.0] AndroidManifest.xml:14:17-82
248            <meta-data
248-->[com.google.mlkit:common:18.9.0] AndroidManifest.xml:20:13-22:85
249                android:name="com.google.firebase.components:com.google.mlkit.common.internal.CommonComponentRegistrar"
249-->[com.google.mlkit:common:18.9.0] AndroidManifest.xml:21:17-120
250                android:value="com.google.firebase.components.ComponentRegistrar" />
250-->[com.google.mlkit:common:18.9.0] AndroidManifest.xml:22:17-82
251        </service>
252
253        <provider
253-->[com.google.mlkit:common:18.9.0] AndroidManifest.xml:9:9-13:38
254            android:name="com.google.mlkit.common.internal.MlKitInitProvider"
254-->[com.google.mlkit:common:18.9.0] AndroidManifest.xml:10:13-78
255            android:authorities="com.example.buildtrack_app.mlkitinitprovider"
255-->[com.google.mlkit:common:18.9.0] AndroidManifest.xml:11:13-69
256            android:exported="false"
256-->[com.google.mlkit:common:18.9.0] AndroidManifest.xml:12:13-37
257            android:initOrder="99" />
257-->[com.google.mlkit:common:18.9.0] AndroidManifest.xml:13:13-35
258
259        <activity
259-->[com.google.android.gms:play-services-base:18.3.0] AndroidManifest.xml:20:9-22:45
260            android:name="com.google.android.gms.common.api.GoogleApiActivity"
260-->[com.google.android.gms:play-services-base:18.3.0] AndroidManifest.xml:20:19-85
261            android:exported="false"
261-->[com.google.android.gms:play-services-base:18.3.0] AndroidManifest.xml:22:19-43
262            android:theme="@android:style/Theme.Translucent.NoTitleBar" />
262-->[com.google.android.gms:play-services-base:18.3.0] AndroidManifest.xml:21:19-78
263
264        <uses-library
264-->[androidx.window:window:1.2.0] AndroidManifest.xml:23:9-25:40
265            android:name="androidx.window.extensions"
265-->[androidx.window:window:1.2.0] AndroidManifest.xml:24:13-54
266            android:required="false" />
266-->[androidx.window:window:1.2.0] AndroidManifest.xml:25:13-37
267        <uses-library
267-->[androidx.window:window:1.2.0] AndroidManifest.xml:26:9-28:40
268            android:name="androidx.window.sidecar"
268-->[androidx.window:window:1.2.0] AndroidManifest.xml:27:13-51
269            android:required="false" />
269-->[androidx.window:window:1.2.0] AndroidManifest.xml:28:13-37
270
271        <service
271-->[androidx.camera:camera-camera2:1.3.1] AndroidManifest.xml:24:9-33:19
272            android:name="androidx.camera.core.impl.MetadataHolderService"
272-->[androidx.camera:camera-camera2:1.3.1] AndroidManifest.xml:25:13-75
273            android:enabled="false"
273-->[androidx.camera:camera-camera2:1.3.1] AndroidManifest.xml:26:13-36
274            android:exported="false" >
274-->[androidx.camera:camera-camera2:1.3.1] AndroidManifest.xml:27:13-37
275            <meta-data
275-->[androidx.camera:camera-camera2:1.3.1] AndroidManifest.xml:30:13-32:89
276                android:name="androidx.camera.core.impl.MetadataHolderService.DEFAULT_CONFIG_PROVIDER"
276-->[androidx.camera:camera-camera2:1.3.1] AndroidManifest.xml:31:17-103
277                android:value="androidx.camera.camera2.Camera2Config$DefaultProvider" />
277-->[androidx.camera:camera-camera2:1.3.1] AndroidManifest.xml:32:17-86
278        </service>
279
280        <provider
280-->[androidx.lifecycle:lifecycle-process:2.7.0] AndroidManifest.xml:24:9-32:20
281            android:name="androidx.startup.InitializationProvider"
281-->[androidx.lifecycle:lifecycle-process:2.7.0] AndroidManifest.xml:25:13-67
282            android:authorities="com.example.buildtrack_app.androidx-startup"
282-->[androidx.lifecycle:lifecycle-process:2.7.0] AndroidManifest.xml:26:13-68
283            android:exported="false" >
283-->[androidx.lifecycle:lifecycle-process:2.7.0] AndroidManifest.xml:27:13-37
284            <meta-data
284-->[androidx.lifecycle:lifecycle-process:2.7.0] AndroidManifest.xml:29:13-31:52
285                android:name="androidx.lifecycle.ProcessLifecycleInitializer"
285-->[androidx.lifecycle:lifecycle-process:2.7.0] AndroidManifest.xml:30:17-78
286                android:value="androidx.startup" />
286-->[androidx.lifecycle:lifecycle-process:2.7.0] AndroidManifest.xml:31:17-49
287            <meta-data
287-->[androidx.profileinstaller:profileinstaller:1.4.0] AndroidManifest.xml:29:13-31:52
288                android:name="androidx.profileinstaller.ProfileInstallerInitializer"
288-->[androidx.profileinstaller:profileinstaller:1.4.0] AndroidManifest.xml:30:17-85
289                android:value="androidx.startup" />
289-->[androidx.profileinstaller:profileinstaller:1.4.0] AndroidManifest.xml:31:17-49
290        </provider>
291
292        <meta-data
292-->[com.google.android.gms:play-services-basement:18.3.0] AndroidManifest.xml:21:9-23:69
293            android:name="com.google.android.gms.version"
293-->[com.google.android.gms:play-services-basement:18.3.0] AndroidManifest.xml:22:13-58
294            android:value="@integer/google_play_services_version" />
294-->[com.google.android.gms:play-services-basement:18.3.0] AndroidManifest.xml:23:13-66
295
296        <receiver
296-->[androidx.profileinstaller:profileinstaller:1.4.0] AndroidManifest.xml:34:9-52:20
297            android:name="androidx.profileinstaller.ProfileInstallReceiver"
297-->[androidx.profileinstaller:profileinstaller:1.4.0] AndroidManifest.xml:35:13-76
298            android:directBootAware="false"
298-->[androidx.profileinstaller:profileinstaller:1.4.0] AndroidManifest.xml:36:13-44
299            android:enabled="true"
299-->[androidx.profileinstaller:profileinstaller:1.4.0] AndroidManifest.xml:37:13-35
300            android:exported="true"
300-->[androidx.profileinstaller:profileinstaller:1.4.0] AndroidManifest.xml:38:13-36
301            android:permission="android.permission.DUMP" >
301-->[androidx.profileinstaller:profileinstaller:1.4.0] AndroidManifest.xml:39:13-57
302            <intent-filter>
302-->[androidx.profileinstaller:profileinstaller:1.4.0] AndroidManifest.xml:40:13-42:29
303                <action android:name="androidx.profileinstaller.action.INSTALL_PROFILE" />
303-->[androidx.profileinstaller:profileinstaller:1.4.0] AndroidManifest.xml:41:17-91
303-->[androidx.profileinstaller:profileinstaller:1.4.0] AndroidManifest.xml:41:25-88
304            </intent-filter>
305            <intent-filter>
305-->[androidx.profileinstaller:profileinstaller:1.4.0] AndroidManifest.xml:43:13-45:29
306                <action android:name="androidx.profileinstaller.action.SKIP_FILE" />